[tick] discovered=60 new=41 (snapshotting up to 30)
  + 7LDBErGZUvdunVPi buyers=0 tracked=0 smart=0 buy_sol=0.0
  + 3KiwRdrai5zRWYBe buyers=8 tracked=0 smart=0 buy_sol=16.4
  + 37nunxBv7fvFquzW buyers=0 tracked=0 smart=0 buy_sol=0.0
  + GnRUCdsL8chtkbgt buyers=4 tracked=0 smart=0 buy_sol=0.4
  + 21Ayrq9JmQYA6YXt buyers=0 tracked=0 smart=0 buy_sol=0.0
  + Htk22fU7jrKh1bgf buyers=5 tracked=0 smart=0 buy_sol=0.4
  + 35MJ5MNPi6Fcjm83 buyers=8 tracked=0 smart=0 buy_sol=2.9
  + 4nAaKL6dWm79B3Zt buyers=4 tracked=0 smart=0 buy_sol=0.6
  + HZG2gsWHWLnyQBT9 buyers=85 tracked=0 smart=0 buy_sol=16.0
  + HQ54vBetrQMUF3Ai buyers=2 tracked=0 smart=0 buy_sol=0.3
  + 3n7PM7azx5kuepUv buyers=50 tracked=0 smart=0 buy_sol=1.1
  + B2q39aC2Q3w9BvcF buyers=1 tracked=0 smart=0 buy_sol=0.0
  + EXaVv5gDybBg8MhN buyers=3 tracked=0 smart=0 buy_sol=0.0
  + CqgpnMx9RPcUhYwv buyers=0 tracked=0 smart=0 buy_sol=0.0
  + EBT1CGqnbfr4Nmbq buyers=2 tracked=0 smart=0 buy_sol=1.5
  + 5v2uK75eLHNV3LXR buyers=21 tracked=0 smart=0 buy_sol=2.4
  + EnmavjtWHmLMyCVW buyers=1 tracked=0 smart=0 buy_sol=0.0
  + 2vvAY1V82Z5g3my4 buyers=5 tracked=0 smart=0 buy_sol=6.9
  + 7hscS7kjEwY8X1YV buyers=5 tracked=0 smart=0 buy_sol=3.7
  + AL1gvKNSvwkFNrQF buyers=0 tracked=0 smart=0 buy_sol=0.0
  + AUHSXdBiemDr3Yyr buyers=4 tracked=0 smart=0 buy_sol=0.0
  + FeMrhDeddUvuzo25 buyers=7 tracked=0 smart=0 buy_sol=0.1
  + FeMbDoX7R1Psc4GE buyers=2 tracked=0 smart=0 buy_sol=0.0
  + 9UuLsJ3jf8ViBNeR buyers=2 tracked=0 smart=0 buy_sol=0.5
  + 8G5ayEsJF4Q7FEWE buyers=0 tracked=0 smart=0 buy_sol=0.0
  + 33eum82LaAhtv5Yk buyers=39 tracked=4 smart=0 buy_sol=22.5
  + E6ifp2mJy8cYQehU buyers=5 tracked=1 smart=0 buy_sol=8.3
  + 5UUH9RTDiSpq6HKS buyers=9 tracked=0 smart=0 buy_sol=73.6
  + So11111111111111 buyers=0 tracked=0 smart=0 buy_sol=0.0
[tick] snapshotted 29 new pending; total=50 finalized=0
[tick] discovered=60 new=46 (snapshotting up to 30)
  + E27iGRFaii82SQvx buyers=0 tracked=0 smart=0 buy_sol=0.0
  + 5FF9obFG2VpjngiQ buyers=0 tracked=0 smart=0 buy_sol=0.0
  + CLux8nYiBn1DYLt2 buyers=0 tracked=0 smart=0 buy_sol=0.0
  + DV6Hhmpqis2dwBmA buyers=7 tracked=0 smart=0 buy_sol=2.6
  + Bmg8FCu2HpkA3KSu buyers=1 tracked=0 smart=0 buy_sol=0.6
  + 28VuFAeLxHoWM2MY buyers=79 tracked=0 smart=0 buy_sol=39.0
  + 64YkzC3V33PaR9cd buyers=4 tracked=0 smart=0 buy_sol=0.9
  + qEJQAbaUbAiZ1gbz buyers=0 tracked=0 smart=0 buy_sol=0.0
  + Gq4JrdLHkAik6yrP buyers=2 tracked=0 smart=0 buy_sol=0.6
  + BSizHgr12556tbSj buyers=1 tracked=0 smart=0 buy_sol=0.5
  + EyNNjjwhdAox66vj buyers=3 tracked=0 smart=0 buy_sol=0.0
  + FegHQZQC1WrvfuXQ buyers=0 tracked=0 smart=0 buy_sol=0.0
  + HTSk5HBwNcf11QuH buyers=1 tracked=0 smart=0 buy_sol=1.2
  + D4Zw3oKgxvw6QHT8 buyers=7 tracked=0 smart=0 buy_sol=1.2
  + CJZKnd6msZZCtqya buyers=5 tracked=0 smart=0 buy_sol=2.3
  + EGQn8jJTFCEhHdGq buyers=2 tracked=0 smart=0 buy_sol=0.2
  + 5yEgkXmxpTiCEGSD buyers=6 tracked=0 smart=0 buy_sol=2.5
  + FcUSNnnavRcQ6N3P buyers=18 tracked=0 smart=0 buy_sol=0.8
  + F2zqfcMbo61cWMLN buyers=80 tracked=0 smart=0 buy_sol=71.6
  + 29rcxmhGaZ16dgi5 buyers=11 tracked=1 smart=0 buy_sol=0.0
  + 9RdmDpE8tmNxYZ1i buyers=3 tracked=0 smart=0 buy_sol=1.5
  + D8Z6BnpjMcs5u3DF buyers=1 tracked=0 smart=0 buy_sol=0.0
  + 6tyFDQi2PExcu9eG buyers=73 tracked=0 smart=0 buy_sol=22.2
  + 5aVyVADQqm3XDhsC buyers=1 tracked=0 smart=0 buy_sol=0.0
  + 2J3X8kAp4o2684G9 buyers=29 tracked=0 smart=0 buy_sol=15.8
  + 698dRv6FVWso6NKT buyers=1 tracked=0 smart=0 buy_sol=0.0
  + HMC9xKbybNRY92kV buyers=52 tracked=0 smart=0 buy_sol=66.4
  + BUSh9HiG8H34ghWH buyers=66 tracked=0 smart=0 buy_sol=12.7
  + 3xULdTu8YHDfLy2q buyers=2 tracked=0 smart=0 buy_sol=0.6
  + ESbFSziG8GhC99uh buyers=10 tracked=0 smart=0 buy_sol=5.3
[tick] snapshotted 30 new pending; total=80 finalized=0
[tick] discovered=60 new=46 (snapshotting up to 30)
  + EM2cdtG7o1vouKwS buyers=1 tracked=0 smart=0 buy_sol=0.0
  + GC9feoNoUaFNR4eo buyers=9 tracked=0 smart=0 buy_sol=0.0
  + 5Vswm1DV15dhvr3c buyers=4 tracked=0 smart=0 buy_sol=5.6
  + EzQiMg7BcwErY6qA buyers=0 tracked=0 smart=0 buy_sol=0.0
  + 4vs5zsLpbsQHStrw buyers=5 tracked=0 smart=0 buy_sol=1.1
  + 69fc1DbfcxECmbjW buyers=3 tracked=0 smart=0 buy_sol=2.1
  + 8rzNP8ZWF4ajBCok buyers=4 tracked=0 smart=0 buy_sol=20.9
  + GutgGHjbZQ3QvY7n buyers=0 tracked=0 smart=0 buy_sol=0.0
  + 8tuezm51m5uYbgKH buyers=3 tracked=0 smart=0 buy_sol=1.0
  + FybvDfM71myiWtaW buyers=9 tracked=0 smart=0 buy_sol=1.8
  + 6h4fh7ccS5D9SHWy buyers=4 tracked=0 smart=0 buy_sol=1.8
  + FDfKTMgx2kZhDs7H buyers=0 tracked=0 smart=0 buy_sol=0.0
  + 4S3J7YdzynzFicDf buyers=2 tracked=0 smart=0 buy_sol=0.9
  + 9shuzr4M9Qyn4jwV buyers=50 tracked=1 smart=0 buy_sol=52.1
  + AyPftLRkJjUzxWc8 buyers=2 tracked=0 smart=0 buy_sol=0.3
  + 5QUf3YsdTRZEfazR buyers=3 tracked=0 smart=0 buy_sol=2.0
  + ET9pxyZE4S2C1ESx buyers=0 tracked=0 smart=0 buy_sol=0.0
  + GnbEiBuTMMsiKW2H buyers=3 tracked=0 smart=0 buy_sol=0.1
  + 2wtPGYPUCAfbiMQh buyers=0 tracked=0 smart=0 buy_sol=0.0
  + J4x1EMmQjF6WEzXq buyers=0 tracked=0 smart=0 buy_sol=0.0
  + 9TCWEyekiWr8VNbP buyers=2 tracked=0 smart=0 buy_sol=0.3
  + 4RhJmg2DpQgpfFBE buyers=1 tracked=0 smart=0 buy_sol=0.0
  + CtoDF2sDQixHS9Ch buyers=0 tracked=0 smart=0 buy_sol=0.0
  + D3p586AKrL1M7Jv3 buyers=18 tracked=0 smart=0 buy_sol=0.3
  + 3gn2heiWJGeEhGou buyers=5 tracked=0 smart=0 buy_sol=0.8
  + 8WeMgrjvZ4cAWLUL buyers=0 tracked=0 smart=0 buy_sol=0.0
  + DQrEYnKzx8nW3Xah buyers=0 tracked=0 smart=0 buy_sol=0.0
  + 9Km9p8f461u8yjhL buyers=5 tracked=0 smart=0 buy_sol=1.4
  + Cqt4hLqL5h9aDVLp buyers=4 tracked=0 smart=0 buy_sol=0.3
[tick] snapshotted 29 new pending; total=110 finalized=0
[tick] discovered=60 new=46 (snapshotting up to 30)
  + EXqDWzenSL8FFLRP buyers=21 tracked=0 smart=0 buy_sol=3.5
  + nSaVoi4A8XHfxUzH buyers=1 tracked=0 smart=0 buy_sol=0.0
  + 7VGMHnvoJmjdtwBk buyers=7 tracked=0 smart=0 buy_sol=0.6
  + CzwyH6oGQHp1xMkf buyers=27 tracked=0 smart=0 buy_sol=9.9
  + 3ckga8cP1JxPKNHm buyers=1 tracked=0 smart=0 buy_sol=0.0
  + 4shTLDt54vMKYQYf buyers=5 tracked=0 smart=0 buy_sol=16.7
  + HUkXGjgKNwcke6zB buyers=91 tracked=0 smart=0 buy_sol=0.4
  + AtaE5zaNUpKLKeB8 buyers=4 tracked=0 smart=0 buy_sol=1.6
  + Cxiq7FnWtpsxnp8N buyers=3 tracked=0 smart=0 buy_sol=1.6
  + 9oAMeqrR6DJLq9rY buyers=87 tracked=0 smart=0 buy_sol=14.7
  + HrRk6BPyf25PR4VH buyers=7 tracked=0 smart=0 buy_sol=0.4
  + DuLXevjDnpG3eDsS buyers=38 tracked=0 smart=0 buy_sol=128.0
  + N5m6GP7VNo92nmaU buyers=7 tracked=0 smart=0 buy_sol=7.1
  + CUgSUUED4154tPZw buyers=15 tracked=0 smart=0 buy_sol=3.7
  + 8WrisoVuVbEKXzHo buyers=2 tracked=0 smart=0 buy_sol=5.0
  + BfwfPRMVz2WLevwk buyers=1 tracked=0 smart=0 buy_sol=4.1
  + 3isShfBHReFXJF95 buyers=3 tracked=0 smart=0 buy_sol=0.7
  + Gocvw9z9JaSPLe1w buyers=2 tracked=0 smart=0 buy_sol=0.8
  + 3kcfuKUcrwctobcQ buyers=10 tracked=0 smart=0 buy_sol=0.8
  + PQTYxfVesCj1z7To buyers=11 tracked=0 smart=0 buy_sol=0.1
  + 9rBLk8kFqRM3uTZJ buyers=11 tracked=0 smart=0 buy_sol=2.5
  + G5Qcwhdo1MNvMnKw buyers=47 tracked=0 smart=0 buy_sol=135.1
  + DrGxjaSwPmQCLEU6 buyers=6 tracked=0 smart=0 buy_sol=1.4
  + GxxF5KQkpevR2NaR buyers=11 tracked=0 smart=0 buy_sol=2.1
  + HYHQFUdNDhzcufCm buyers=3 tracked=0 smart=0 buy_sol=0.1
  + AxJovge8rKhP2wBE buyers=1 tracked=0 smart=0 buy_sol=0.3
  + HiNdwktfcozJYtcu buyers=1 tracked=0 smart=0 buy_sol=0.0
[tick] snapshotted 27 new pending; total=140 finalized=0
[tick] discovered=60 new=31 (snapshotting up to 30)
  + GsWzt57MN6RkNAuq buyers=5 tracked=0 smart=0 buy_sol=0.2
  + C1XJgY8DcMsz4emw buyers=4 tracked=0 smart=0 buy_sol=2.2
  + 9YemxZsUP513hANb buyers=35 tracked=0 smart=0 buy_sol=16.3
  + 5h9xqof8MhEZAJSz buyers=0 tracked=0 smart=0 buy_sol=0.0
  + EZy8Bq9ENNbfgF1N buyers=0 tracked=0 smart=0 buy_sol=0.0
  + 8tb1GDuqRBwjPgKQ buyers=5 tracked=0 smart=0 buy_sol=1.1
  + DjkUXfmXqoaZUd1H buyers=0 tracked=0 smart=0 buy_sol=0.0
  + Bq55rggFoq83GSiR buyers=0 tracked=0 smart=0 buy_sol=0.0
  + H2FR4R6eJYubaZ1X buyers=5 tracked=0 smart=0 buy_sol=1.0
  + Fr4wZgyYaR2FQvCZ buyers=9 tracked=0 smart=0 buy_sol=0.1
  + HAwxsioQL3zKFAjr buyers=1 tracked=0 smart=0 buy_sol=1.1
  + 7jRaT47GYax25DsT buyers=1 tracked=0 smart=0 buy_sol=0.0
  + 8g9Rpg5uPrfqHLMZ buyers=16 tracked=0 smart=0 buy_sol=5.4
  + 9dNAjxaCbiYZRUH1 buyers=24 tracked=0 smart=0 buy_sol=25.1
  + 2Z1PRQ6dx2dtbnzK buyers=1 tracked=0 smart=0 buy_sol=0.0
  + 2QmXPtkxHCi6Mt2u buyers=1 tracked=0 smart=0 buy_sol=0.0
  + 4oePTJoQWieegTr8 buyers=4 tracked=0 smart=0 buy_sol=1.8
  + Btqr185j6zQQ5PDc buyers=19 tracked=1 smart=0 buy_sol=2.6
  + GrQdUVLa197dd26R buyers=1 tracked=0 smart=0 buy_sol=0.0
  + 5z9GaZXPuPqxittR buyers=2 tracked=0 smart=0 buy_sol=0.3
  + SV151D5pjygAKA8a buyers=1 tracked=0 smart=0 buy_sol=0.2
  + EhHyfjRwj2jhmSE7 buyers=7 tracked=1 smart=0 buy_sol=0.9
  + 9AvytnUKsLxPxFHF buyers=19 tracked=1 smart=0 buy_sol=127.5
  + 5Jng6jkLKU1o8BNr buyers=39 tracked=1 smart=0 buy_sol=112.2
  + BoaQpzy2d94gunwy buyers=34 tracked=1 smart=0 buy_sol=43.5
  + 6p6xgHyF7AeE6TZk buyers=1 tracked=0 smart=0 buy_sol=0.0
  + Hkpi2SkNWm5LogyY buyers=1 tracked=0 smart=0 buy_sol=0.1
  + 3GDrBbgzMfokcYCh buyers=34 tracked=3 smart=1 buy_sol=57.1
[tick] snapshotted 28 new pending; total=170 finalized=0
[tick] discovered=60 new=26 (snapshotting up to 30)
  + QfANkWJpkcdh7qgo buyers=8 tracked=0 smart=0 buy_sol=0.6
  + YWePZg71VZGEfTkz buyers=7 tracked=0 smart=0 buy_sol=1.5
  + B7n9txKdd9kNRV8h buyers=92 tracked=0 smart=0 buy_sol=14.2
  + 4GyigW3y8zoiWMgp buyers=1 tracked=0 smart=0 buy_sol=0.0
  + 9iYDbNahHDRnu6MG buyers=1 tracked=0 smart=0 buy_sol=0.0
  + 9Nn6t3o1GF4EtBLB buyers=36 tracked=0 smart=0 buy_sol=17.9
  + DFp5quskyA7tCh8n buyers=56 tracked=0 smart=0 buy_sol=233.9
  + 8YhVkNciWHqWU1hE buyers=5 tracked=0 smart=0 buy_sol=1.8
  + 3XjUoZE6oqq4Pt6E buyers=47 tracked=0 smart=0 buy_sol=31.4
  + HVjPErJg5miaVsPS buyers=4 tracked=0 smart=0 buy_sol=1.0
  + 9nqXdytzyyRqu5pv buyers=21 tracked=0 smart=0 buy_sol=7.1
  + 4AvPhNv3MFU4zB8T buyers=1 tracked=0 smart=0 buy_sol=0.0
  + Geqqd88UDsX2Hi2R buyers=1 tracked=0 smart=0 buy_sol=0.2
  + 7RxDMmvPyU6GDyBN buyers=1 tracked=0 smart=0 buy_sol=0.5
  + HYbrx52qmbtRtxeG buyers=26 tracked=0 smart=0 buy_sol=32.1
  + HBKQnXXVH9d3KtKx buyers=5 tracked=0 smart=0 buy_sol=1.1
  + 9iqwUDuHMNXvSzh1 buyers=6 tracked=1 smart=0 buy_sol=2.2
  + HLukptLW9UfbpihG buyers=0 tracked=0 smart=0 buy_sol=0.0
  + Fvn9FK9a5ULnLDdQ buyers=1 tracked=0 smart=0 buy_sol=0.0
  + DQ4BQ94HBs34fTVm buyers=0 tracked=0 smart=0 buy_sol=0.0
  + CARDSccUMFKoPRZx buyers=6 tracked=1 smart=1 buy_sol=145.9
  + Dz9mQ9NzkBcCsuGP buyers=9 tracked=0 smart=0 buy_sol=0.1
[tick] snapshotted 22 new pending; total=196 finalized=0
[tick] discovered=60 new=42 (snapshotting up to 30)
  + AALsWMT7bZXbXbWe buyers=5 tracked=0 smart=0 buy_sol=0.7
  + 5vsgn2dfsFtHj1Wt buyers=1 tracked=0 smart=0 buy_sol=0.0
  + 2zqeP3PBovZ5U7Zx buyers=4 tracked=0 smart=0 buy_sol=0.7
  + 5XNHiu9cJoXKDCJo buyers=2 tracked=0 smart=0 buy_sol=0.1
  + iHQxTkvGDGSka8qz buyers=4 tracked=0 smart=0 buy_sol=0.7
  + 3cBHx1ubr9kAy2Gq buyers=3 tracked=0 smart=0 buy_sol=0.7
  + GC8ZkoQv9GK6LTVk buyers=4 tracked=0 smart=0 buy_sol=0.4
  + FtXhhevgVcRuKF8M buyers=12 tracked=0 smart=0 buy_sol=5.3
  + 2xszAE19cvf1fzy2 buyers=14 tracked=0 smart=0 buy_sol=3.8
  + 92szjUydbtBc8QgQ buyers=5 tracked=0 smart=0 buy_sol=0.7
  + F2mifqYFn9xWaMNB buyers=4 tracked=0 smart=0 buy_sol=1.3
  + 5uZGhVcCD5QRLYdX buyers=8 tracked=0 smart=0 buy_sol=0.0
  + Cqd63jzC14StY3Mw buyers=3 tracked=0 smart=0 buy_sol=0.7
  + AFkzKy3EgzHdPCAR buyers=4 tracked=0 smart=0 buy_sol=0.2
  + AdEKyxvbPxAKFqAk buyers=3 tracked=0 smart=0 buy_sol=0.5
  + HXzRTF8KwNRMMQqk buyers=7 tracked=0 smart=0 buy_sol=0.9
  + 7DmWHo95NRr6iNsv buyers=36 tracked=0 smart=0 buy_sol=22.5
  + 5rphpY575zt6kw3X buyers=5 tracked=0 smart=0 buy_sol=1.0
  + AQ9GYbMNpX3gJNE5 buyers=5 tracked=0 smart=0 buy_sol=0.7
  + 5Fqz9Hh3ZVLrk5qi buyers=51 tracked=0 smart=0 buy_sol=18.9
  + BZctpX6C8hUetEkn buyers=4 tracked=0 smart=0 buy_sol=0.7
  + HwmCdk6GGck9uV3U buyers=4 tracked=0 smart=0 buy_sol=0.6
  + 8tgyWiKFudeynXhA buyers=4 tracked=0 smart=0 buy_sol=0.3
  + 2DgfJHM5uxNbxeWW buyers=4 tracked=0 smart=0 buy_sol=0.6
  + Vh12VXkxZiDuNyYv buyers=43 tracked=0 smart=0 buy_sol=160.3
  + 3AdUgdvkvEXwbNjs buyers=15 tracked=0 smart=0 buy_sol=4.1
  + 3ei2ihmbbFbmiKXU buyers=3 tracked=0 smart=0 buy_sol=0.4
  + 4cBJJodGQSZoRiAD buyers=73 tracked=0 smart=0 buy_sol=6.0
  + 5p9TiJVgPAhp649c buyers=5 tracked=0 smart=0 buy_sol=0.8
[tick] snapshotted 29 new pending; total=226 finalized=0
[tick] discovered=60 new=35 (snapshotting up to 30)
  + 6RXiM7kFbVhqNnS1 buyers=28 tracked=2 smart=0 buy_sol=121.5
  + Bnkfza9n6yiAQaRa buyers=21 tracked=0 smart=0 buy_sol=19.0
  + JAwhWPeducG6KJNT buyers=8 tracked=0 smart=0 buy_sol=0.0
  + GYYCFmnD2QGs8VUk buyers=7 tracked=0 smart=0 buy_sol=1.9
  + xDDpDPCKDSrZQMpP buyers=3 tracked=0 smart=0 buy_sol=0.3
  + CjtScJRxePxRco3L buyers=8 tracked=0 smart=0 buy_sol=0.0
  + BzSti1DrtC5b7DdY buyers=5 tracked=0 smart=0 buy_sol=0.1
  + 9HztJnevU3d1NJ6D buyers=7 tracked=0 smart=0 buy_sol=2.7
  + B2YxtbniAQMs1QGj buyers=3 tracked=0 smart=0 buy_sol=0.2
  + BLaHZBU7SauutyHt buyers=30 tracked=0 smart=0 buy_sol=8.0
  + 7UAgatGaybM9mwnt buyers=3 tracked=0 smart=0 buy_sol=3.1
  + E2ctRhkLj7PjVfRT buyers=90 tracked=0 smart=0 buy_sol=16.5
  + GRzVHeC2iEKaKHC8 buyers=68 tracked=0 smart=0 buy_sol=4.8
  + HPgQdu8WFayVZu1z buyers=5 tracked=0 smart=0 buy_sol=0.9
  + E8JC7bwqPmM5YbAn buyers=5 tracked=0 smart=0 buy_sol=16.7
  + 6zVgfE4fp5c9j3NJ buyers=9 tracked=0 smart=0 buy_sol=1.1
  + B3LcNZ739wd9GznH buyers=3 tracked=0 smart=0 buy_sol=2.0
  + 2p31Q59G7cGmMTFu buyers=7 tracked=0 smart=0 buy_sol=2.9
  + A8VXscHa9SN7nUkA buyers=89 tracked=0 smart=0 buy_sol=16.7
  + 6bZVZJLLGd9KtkFF buyers=9 tracked=0 smart=0 buy_sol=7.0
  + Cdw8kBKF5WMqqzAF buyers=9 tracked=0 smart=0 buy_sol=1.1
  + 8obTXCf9q8eNVQe3 buyers=7 tracked=0 smart=0 buy_sol=16.2
  + BV8LHaQxCdhwocYE buyers=12 tracked=0 smart=0 buy_sol=0.1
  + 66f63wXhVA13vsop buyers=6 tracked=2 smart=0 buy_sol=0.1
  + AFCtbHCS7yEZ79bF buyers=21 tracked=0 smart=0 buy_sol=9.9
  + 6GQcxKt4UCMGnhS8 buyers=35 tracked=0 smart=0 buy_sol=52.3
  + 3koYaUPgNQ2FfNhC buyers=12 tracked=0 smart=0 buy_sol=3.0
  + Cqn9jKSKRXy9qmrW buyers=45 tracked=0 smart=0 buy_sol=37.8
  + DmQYkTjR3iJNc7uA buyers=41 tracked=0 smart=0 buy_sol=111.2
  + DJ15QJxVPFGv6kYh buyers=50 tracked=0 smart=0 buy_sol=65.3
[tick] snapshotted 30 new pending; total=256 finalized=0
[tick] discovered=60 new=43 (snapshotting up to 30)
  + 7JuNtVGUEieWa4fw buyers=37 tracked=0 smart=0 buy_sol=12.6
  + 3m7JmUSbncfaEuAS buyers=3 tracked=0 smart=0 buy_sol=0.1
  + 5jHDGJ6d9nuEn5Qq buyers=2 tracked=0 smart=0 buy_sol=0.0
  + F8UPRZrk1TB8tLxb buyers=2 tracked=0 smart=0 buy_sol=8.1
  + GcLWhDMCchAxakzx buyers=4 tracked=0 smart=0 buy_sol=0.4
  + F2GuTs6KBsvwaaxf buyers=20 tracked=0 smart=0 buy_sol=14.1
  + q4XcQYwoocx369wh buyers=33 tracked=0 smart=0 buy_sol=18.5
  + FSHok1n1gKncqSpV buyers=36 tracked=0 smart=0 buy_sol=15.8
  + ApdWPW44q5Z9naym buyers=3 tracked=0 smart=0 buy_sol=0.2
  + Cpi2hYnVhTfu3owz buyers=41 tracked=0 smart=0 buy_sol=32.3
  + GELaxPpUtWNtj9rX buyers=7 tracked=0 smart=0 buy_sol=0.4
  + 6RdUB7AyFHPCFghd buyers=5 tracked=0 smart=0 buy_sol=6.1
  + DUBm1jb5yh4BqjS3 buyers=38 tracked=1 smart=0 buy_sol=30.0
  + GhqA5fPuYGzQ2UGx buyers=8 tracked=0 smart=0 buy_sol=2.6
  + GrHoT4uMgqN5Qb9Q buyers=13 tracked=0 smart=0 buy_sol=12.5
  + F43BH1YcamfUKkWM buyers=10 tracked=0 smart=0 buy_sol=4.5
  + BWE3LZJZ2H6jkwYJ buyers=4 tracked=0 smart=0 buy_sol=1.6
  + DfmuxskcQLsGMYGS buyers=2 tracked=0 smart=0 buy_sol=0.0
  + 3e3xhUMwacK2N4UU buyers=27 tracked=0 smart=0 buy_sol=0.2
  + 2PpYbjD1ezvDjNVj buyers=43 tracked=0 smart=0 buy_sol=60.9
  + 4cwagcm8bBU35rmj buyers=4 tracked=0 smart=0 buy_sol=1.3
  + FvdXvUx2pGV8UwxN buyers=6 tracked=0 smart=0 buy_sol=5.0
  + CrS9LuafjazcBpYz buyers=12 tracked=0 smart=0 buy_sol=6.7
  + 7GKMBrauuKkaNGEv buyers=2 tracked=0 smart=0 buy_sol=2.0
  + GsLYq8cVZP4gpDkE buyers=58 tracked=0 smart=0 buy_sol=19.1
  + GYJaadSc5HF7Dyop buyers=7 tracked=0 smart=0 buy_sol=0.8
  + 3KAPAwgVaCnBq7fh buyers=6 tracked=0 smart=0 buy_sol=2.6
  + 8gCnv3Ky8xZLZA3b buyers=32 tracked=0 smart=0 buy_sol=3.5
  + HtPQFpawbDPF1gd7 buyers=4 tracked=0 smart=0 buy_sol=0.2
  + EAKgDJiaFGKGnsS9 buyers=3 tracked=0 smart=0 buy_sol=0.1
[tick] snapshotted 30 new pending; total=286 finalized=0
[tick] discovered=60 new=35 (snapshotting up to 30)
  + EyxMwS9pF76FE3XW buyers=0 tracked=0 smart=0 buy_sol=0.0
  + 8MUvMFKtEoe6opiQ buyers=0 tracked=0 smart=0 buy_sol=0.0
  + 2v74PfgmKVv8X7Kb buyers=0 tracked=0 smart=0 buy_sol=0.0
  + 6UefxjZ2rMNi74QD buyers=8 tracked=0 smart=0 buy_sol=1.8
  + 9hmQdXVp7B4PdRk9 buyers=0 tracked=0 smart=0 buy_sol=0.0
  + 5ECoxhqijMQ7EK1V buyers=0 tracked=0 smart=0 buy_sol=0.0
  + 2kvfA1WX8nsNNhC1 buyers=36 tracked=0 smart=0 buy_sol=8.1
  + J1Nx3STDvoXmigk5 buyers=0 tracked=0 smart=0 buy_sol=0.0
  + A8HX26AxGQ5QnhK8 buyers=0 tracked=0 smart=0 buy_sol=0.0
  + 9sYY2dQ1VaMiriar buyers=2 tracked=0 smart=0 buy_sol=0.1
  + LKXWfoxiBFSuRQ7n buyers=4 tracked=0 smart=0 buy_sol=0.7
  + 46X3q9jnhiSx9n3Y buyers=53 tracked=0 smart=0 buy_sol=1576.9
  + B94i1VYiTTHydvyT buyers=3 tracked=0 smart=0 buy_sol=0.2
  + ANJVe2i8zrijzjvi buyers=3 tracked=0 smart=0 buy_sol=0.3
  + HkgzqK93aov5yeQN buyers=0 tracked=0 smart=0 buy_sol=0.0
  + B7V72Ab4wgmod6p8 buyers=29 tracked=0 smart=0 buy_sol=12.1
  + H2ESFfBZBnFkDta4 buyers=0 tracked=0 smart=0 buy_sol=0.0
  + Az8MCwWM1h74qRzS buyers=0 tracked=0 smart=0 buy_sol=0.0
  + hKd8TFq9CE4TNvwZ buyers=0 tracked=0 smart=0 buy_sol=0.0
  + 2DEAfq38PsFu6zzf buyers=0 tracked=0 smart=0 buy_sol=0.0
  + 3tejddNAaP5gfv3P buyers=1 tracked=0 smart=0 buy_sol=0.0
  + 25Nw4cpG9U9AvzHE buyers=8 tracked=0 smart=0 buy_sol=1.8
  + BHHR4ECqFyKnwUyD buyers=0 tracked=0 smart=0 buy_sol=0.0
  + Aby5vymwarVrWUio buyers=0 tracked=0 smart=0 buy_sol=0.0
  + 44Rz6epcH2UbDg4J buyers=0 tracked=0 smart=0 buy_sol=0.0
  + BWTcSo5XKtwWsyty buyers=5 tracked=0 smart=0 buy_sol=2.3
  + EywQTae3cVYnYnab buyers=0 tracked=0 smart=0 buy_sol=0.0
  + 3CKu21MRV2owv25n buyers=39 tracked=0 smart=0 buy_sol=28.9
  + Tqj8yFmagrg7oorp buyers=17 tracked=0 smart=0 buy_sol=19.3
  + 9zwhS3b1oYuUEqWN buyers=5 tracked=0 smart=0 buy_sol=7.7
[tick] snapshotted 30 new pending; total=316 finalized=19
[tick] discovered=60 new=28 (snapshotting up to 30)
  + 72jsPo9QP2jCB4Z2 buyers=27 tracked=0 smart=0 buy_sol=8.9
  + 7XKesb7pNorLUJWg buyers=9 tracked=0 smart=0 buy_sol=0.0
  + Gq4jiAJoYwC1e37U buyers=20 tracked=0 smart=0 buy_sol=8.6
  + AYmwkKo6JEki2mr8 buyers=1 tracked=0 smart=0 buy_sol=0.2
  + E4qjTrSioDEAFrPQ buyers=0 tracked=0 smart=0 buy_sol=0.0
  + FhoTmtaJKWzyYyUm buyers=0 tracked=0 smart=0 buy_sol=0.0
  + 2gCrJxe8L54B7fgv buyers=0 tracked=0 smart=0 buy_sol=0.0
  + 4CLxB1x4Ku36Jh8Z buyers=7 tracked=0 smart=0 buy_sol=1.2
  + 4zgyXhT3gjjBrUhS buyers=1 tracked=0 smart=0 buy_sol=0.0
  + 53194JUsL34jdaE8 buyers=1 tracked=0 smart=0 buy_sol=0.1
  + FwxXoRvqRbQQie44 buyers=29 tracked=0 smart=0 buy_sol=44.1
  + 4WV9rDUubhwEDEzK buyers=91 tracked=0 smart=0 buy_sol=13.4
  + C1RNunPXBK5mKvvw buyers=40 tracked=1 smart=0 buy_sol=96.6
  + Fv4Aix5DHRx7P4CA buyers=5 tracked=0 smart=0 buy_sol=0.3
  + HWziPV6JcFXy4SwF buyers=0 tracked=0 smart=0 buy_sol=0.0
  + AAS3R9fwuq2Hjv7H buyers=6 tracked=0 smart=0 buy_sol=3.5
  + DCPk97Y6ZjH4GcaP buyers=4 tracked=0 smart=0 buy_sol=2.9
  + dmGWBKxVSQqou34p buyers=0 tracked=0 smart=0 buy_sol=0.0
  + GoryLa6kz1Ektgsw buyers=0 tracked=0 smart=0 buy_sol=0.0
  + FrMDVRM6aJhXNzv1 buyers=0 tracked=0 smart=0 buy_sol=0.0
  + CRajyYmmJ1Uz4YUA buyers=1 tracked=0 smart=0 buy_sol=0.2
  + A56J8ma5GzLzJvJV buyers=0 tracked=0 smart=0 buy_sol=0.0
  + 3FpN2tBLKhJruk3Q buyers=76 tracked=0 smart=0 buy_sol=18.0
  + 5tutycCQpGPcaNGo buyers=0 tracked=0 smart=0 buy_sol=0.0
  + 4k3Dyjzvzp8eMZWU buyers=5 tracked=1 smart=0 buy_sol=257.8
  + 2fmneaNnfqMDiqZ5 buyers=24 tracked=1 smart=0 buy_sol=19.4
  + 6TPQEMKviAYz3h7g buyers=19 tracked=6 smart=0 buy_sol=20.7
  + GjGpyc93x5k5WSgT buyers=33 tracked=6 smart=0 buy_sol=37.8
[tick] snapshotted 28 new pending; total=344 finalized=25
[tick] discovered=60 new=41 (snapshotting up to 30)
  + 2k1mLHy9rsS3WFDN buyers=7 tracked=0 smart=0 buy_sol=1.0
  + 9oemTJfaeVTn9PAe buyers=18 tracked=0 smart=0 buy_sol=24.4
  + FA3vpJgC4DAhWKKA buyers=10 tracked=0 smart=0 buy_sol=7.0
  + 7FB4aFrY3Lc9Z7vX buyers=0 tracked=0 smart=0 buy_sol=0.0
  + n4c9hW8zVpNess8Y buyers=0 tracked=0 smart=0 buy_sol=0.0
  + 54yHpT5P9mUDUpMU buyers=2 tracked=0 smart=0 buy_sol=4.1
  + 9iW9h1bugd3Nv3ZQ buyers=6 tracked=0 smart=0 buy_sol=7.6
  + 5THqssBGNCgD6kqj buyers=0 tracked=0 smart=0 buy_sol=0.0
  + 7bR5KNWs2ZHJYhGW buyers=3 tracked=0 smart=0 buy_sol=0.4
  + Hq39YmbvTr7mszy7 buyers=0 tracked=0 smart=0 buy_sol=0.0
  + GaYwTAm1jwp57oan buyers=2 tracked=0 smart=0 buy_sol=0.2
  + CjXnmeWAZNmJo2b9 buyers=1 tracked=0 smart=0 buy_sol=0.1
  + At955nGzkXXLxJR8 buyers=1 tracked=0 smart=0 buy_sol=0.4
  + 3JtD8Rp1HsDzVxwY buyers=28 tracked=1 smart=0 buy_sol=167.4
  + DXeEMd6ezUuUsCPo buyers=12 tracked=0 smart=0 buy_sol=4.3
  + 8u2Fe7HyLEWttLen buyers=0 tracked=0 smart=0 buy_sol=0.0
  + BmJRnmtYUTvjqfdo buyers=90 tracked=0 smart=0 buy_sol=13.7
  + 29AyrQ7K5XP7W5g1 buyers=0 tracked=0 smart=0 buy_sol=0.0
  + FTiQcfVtdgwqxFF9 buyers=1 tracked=0 smart=0 buy_sol=0.2
  + 12ixERqnqf4yQc8S buyers=2 tracked=0 smart=0 buy_sol=1.2
  + D131SgMLDZbtDYRr buyers=9 tracked=0 smart=0 buy_sol=6.0
  + 2JSt7ifetQW51r2Q buyers=1 tracked=0 smart=0 buy_sol=0.5
  + 6qH6TBwBzmjnd7qt buyers=6 tracked=0 smart=0 buy_sol=0.1
  + HgW88zhGe85qRpJM buyers=7 tracked=0 smart=0 buy_sol=6.9
  + 2TCsQCf421bhyUxT buyers=2 tracked=0 smart=0 buy_sol=4.2
  + B1mrtEBxowxVin7Q buyers=6 tracked=0 smart=0 buy_sol=1.5
  + 3qQ6QxJwJvHpmPRJ buyers=0 tracked=0 smart=0 buy_sol=0.0
  + Cj6nAy2KhSvehiPE buyers=2 tracked=0 smart=0 buy_sol=0.6
  + 8H2ZvYvGEfjYvVPm buyers=1 tracked=0 smart=0 buy_sol=0.5
  + DWfSnWCE3fD99mXE buyers=2 tracked=0 smart=0 buy_sol=0.7
[tick] snapshotted 30 new pending; total=374 finalized=31
[forward_collector] total=374 pending=226 finalized=31
  outcome fwd24h: mean=-89.0% median=-100.0% win=0.0% (UNBIASED incl. deaths)
  n_buyers      : spearman=-0.06 perm_p=0.728 hi=-90.0% lo=-88.2% noise
  n_tracked     : spearman=-0.25 perm_p=0.174 hi=-100.0% lo=-88.3% noise
  n_smart       : spearman=+0.00 perm_p=1.000 hi=+0.0% lo=-89.0% noise
  buy_sol       : spearman=+0.07 perm_p=0.717 hi=-84.0% lo=-93.8% noise
  concentration : spearman=+0.13 perm_p=0.477 hi=-86.7% lo=-91.3% noise
